yarn run v1.22.21
$ storybook build --output-dir C:\Users\terke\AppData\Local\Temp\chromatic--5628-mjlbgfqA348W
@storybook/cli v7.5.2

info => Cleaning outputDir: C:\Users\terke\AppData\Local\Temp\chromatic--5628-mjlbgfqA348W
info => Loading presets
info => Building manager..
info => Manager built (303 ms)
info => Building preview..
info => Copying static files: D:\Projects\storybook\1-taskbox\node_modules\@storybook\manager\static at C:\Users\terke\AppData\Local\Temp\chromatic--5628-mjlbgfqA348W\sb-common-assets
[36mvite v4.5.0 [32mbuilding for production...[36m[39m

./sb-common-assets/fonts.css doesn't exist at build time, it will remain unchanged to be resolved at runtime
transforming...
info => Copying static files: D:\Projects\storybook\1-taskbox\public at C:\Users\terke\AppData\Local\Temp\chromatic--5628-mjlbgfqA348W\
node_modules/telejson/dist/index.mjs (1413:15) Use of eval in "node_modules/telejson/dist/index.mjs" is strongly discouraged as it poses security risks and may cause issues with minification.
node_modules/telejson/dist/index.mjs (1416:18) Use of eval in "node_modules/telejson/dist/index.mjs" is strongly discouraged as it poses security risks and may cause issues with minification.
[32m✓[39m 1572 modules transformed.
rendering chunks...
computing gzip size...
[2mC:/Users/terke/AppData/Local/Temp/chromatic--5628-mjlbgfqA348W/[22m[32miframe.html                                    [39m[1m[2m 12.56 kB[22m[1m[22m[2m │ gzip:   3.56 kB[22m
[2mC:/Users/terke/AppData/Local/Temp/chromatic--5628-mjlbgfqA348W/[22m[32massets/percolate-dac75269.ttf                  [39m[1m[2m 34.04 kB[22m[1m[22m
[2mC:/Users/terke/AppData/Local/Temp/chromatic--5628-mjlbgfqA348W/[22m[32massets/percolate-ec979d96.woff                 [39m[1m[2m 34.11 kB[22m[1m[22m
[2mC:/Users/terke/AppData/Local/Temp/chromatic--5628-mjlbgfqA348W/[22m[32massets/percolate-5ed633c2.eot                  [39m[1m[2m 34.21 kB[22m[1m[22m
[2mC:/Users/terke/AppData/Local/Temp/chromatic--5628-mjlbgfqA348W/[22m[32massets/percolate-d13fa91b.svg                  [39m[1m[2m140.51 kB[22m[1m[22m[2m │ gzip:  47.50 kB[22m
[2mC:/Users/terke/AppData/Local/Temp/chromatic--5628-mjlbgfqA348W/[22m[35massets/preview-dd25d82c.css                    [39m[1m[2m  6.87 kB[22m[1m[22m[2m │ gzip:   2.06 kB[22m
[2mC:/Users/terke/AppData/Local/Temp/chromatic--5628-mjlbgfqA348W/[22m[36massets/_commonjs-dynamic-modules-302442b1.js   [39m[1m[2m  0.30 kB[22m[1m[22m[2m │ gzip:   0.24 kB[22m[2m │ map:     0.12 kB[22m
[2mC:/Users/terke/AppData/Local/Temp/chromatic--5628-mjlbgfqA348W/[22m[36massets/WithTooltip-4HIR6TLV-ddde6c2d.js        [39m[1m[2m  0.47 kB[22m[1m[22m[2m │ gzip:   0.29 kB[22m[2m │ map:     0.11 kB[22m
[2mC:/Users/terke/AppData/Local/Temp/chromatic--5628-mjlbgfqA348W/[22m[36massets/syntaxhighlighter-NMPM6SWI-a4877560.js  [39m[1m[2m  0.48 kB[22m[1m[22m[2m │ gzip:   0.32 kB[22m[2m │ map:     0.12 kB[22m
[2mC:/Users/terke/AppData/Local/Temp/chromatic--5628-mjlbgfqA348W/[22m[36massets/preview-c82f25cb.js                     [39m[1m[2m  0.53 kB[22m[1m[22m[2m │ gzip:   0.34 kB[22m[2m │ map:     0.52 kB[22m
[2mC:/Users/terke/AppData/Local/Temp/chromatic--5628-mjlbgfqA348W/[22m[36massets/index-3fd0d1ea.js                       [39m[1m[2m  0.62 kB[22m[1m[22m[2m │ gzip:   0.38 kB[22m[2m │ map:     4.25 kB[22m
[2mC:/Users/terke/AppData/Local/Temp/chromatic--5628-mjlbgfqA348W/[22m[36massets/preview-87eac49b.js                     [39m[1m[2m  0.68 kB[22m[1m[22m[2m │ gzip:   0.48 kB[22m[2m │ map:     3.83 kB[22m
[2mC:/Users/terke/AppData/Local/Temp/chromatic--5628-mjlbgfqA348W/[22m[36massets/_commonjsHelpers-de833af9.js            [39m[1m[2m  0.75 kB[22m[1m[22m[2m │ gzip:   0.43 kB[22m[2m │ map:     0.11 kB[22m
[2mC:/Users/terke/AppData/Local/Temp/chromatic--5628-mjlbgfqA348W/[22m[36massets/index-356e4a49.js                       [39m[1m[2m  0.81 kB[22m[1m[22m[2m │ gzip:   0.51 kB[22m[2m │ map:     3.24 kB[22m
[2mC:/Users/terke/AppData/Local/Temp/chromatic--5628-mjlbgfqA348W/[22m[36massets/index-8d47fad6.js                       [39m[1m[2m  0.84 kB[22m[1m[22m[2m │ gzip:   0.55 kB[22m[2m │ map:     4.02 kB[22m
[2mC:/Users/terke/AppData/Local/Temp/chromatic--5628-mjlbgfqA348W/[22m[36massets/preview-b3c37142.js                     [39m[1m[2m  0.90 kB[22m[1m[22m[2m │ gzip:   0.59 kB[22m[2m │ map:     2.92 kB[22m
[2mC:/Users/terke/AppData/Local/Temp/chromatic--5628-mjlbgfqA348W/[22m[36massets/preview-b94533b5.js                     [39m[1m[2m  1.09 kB[22m[1m[22m[2m │ gzip:   0.71 kB[22m[2m │ map:     3.06 kB[22m
[2mC:/Users/terke/AppData/Local/Temp/chromatic--5628-mjlbgfqA348W/[22m[36massets/preview-bed967c6.js                     [39m[1m[2m  2.38 kB[22m[1m[22m[2m │ gzip:   1.24 kB[22m[2m │ map:    10.96 kB[22m
[2mC:/Users/terke/AppData/Local/Temp/chromatic--5628-mjlbgfqA348W/[22m[36massets/index-d37d4223.js                       [39m[1m[2m  2.63 kB[22m[1m[22m[2m │ gzip:   1.30 kB[22m[2m │ map:     7.45 kB[22m
[2mC:/Users/terke/AppData/Local/Temp/chromatic--5628-mjlbgfqA348W/[22m[36massets/preview-108c1c3c.js                     [39m[1m[2m  3.26 kB[22m[1m[22m[2m │ gzip:   1.41 kB[22m[2m │ map:    10.23 kB[22m
[2mC:/Users/terke/AppData/Local/Temp/chromatic--5628-mjlbgfqA348W/[22m[36massets/Task.stories-6a95d6f3.js                [39m[1m[2m  3.71 kB[22m[1m[22m[2m │ gzip:   1.58 kB[22m[2m │ map:     5.11 kB[22m
[2mC:/Users/terke/AppData/Local/Temp/chromatic--5628-mjlbgfqA348W/[22m[36massets/iframe-40efdf11.js                      [39m[1m[2m  4.47 kB[22m[1m[22m[2m │ gzip:   1.64 kB[22m[2m │ map:     5.36 kB[22m
[2mC:/Users/terke/AppData/Local/Temp/chromatic--5628-mjlbgfqA348W/[22m[36massets/index-76fb7be0.js                       [39m[1m[2m  7.21 kB[22m[1m[22m[2m │ gzip:   2.95 kB[22m[2m │ map:    15.66 kB[22m
[2mC:/Users/terke/AppData/Local/Temp/chromatic--5628-mjlbgfqA348W/[22m[36massets/preview-b8d6c68d.js                     [39m[1m[2m  7.67 kB[22m[1m[22m[2m │ gzip:   1.59 kB[22m[2m │ map:    14.18 kB[22m
[2mC:/Users/terke/AppData/Local/Temp/chromatic--5628-mjlbgfqA348W/[22m[36massets/preview-2059b184.js                     [39m[1m[2m  8.32 kB[22m[1m[22m[2m │ gzip:   3.20 kB[22m[2m │ map:    29.36 kB[22m
[2mC:/Users/terke/AppData/Local/Temp/chromatic--5628-mjlbgfqA348W/[22m[36massets/index-da07a199.js                       [39m[1m[2m 13.66 kB[22m[1m[22m[2m │ gzip:   5.12 kB[22m[2m │ map:    53.02 kB[22m
[2mC:/Users/terke/AppData/Local/Temp/chromatic--5628-mjlbgfqA348W/[22m[36massets/Color-6VNJS4EI-abff21ed.js              [39m[1m[2m 17.66 kB[22m[1m[22m[2m │ gzip:   6.78 kB[22m[2m │ map:    59.43 kB[22m
[2mC:/Users/terke/AppData/Local/Temp/chromatic--5628-mjlbgfqA348W/[22m[36massets/preview-6751e51d.js                     [39m[1m[2m 21.12 kB[22m[1m[22m[2m │ gzip:   7.00 kB[22m[2m │ map:    68.32 kB[22m
[2mC:/Users/terke/AppData/Local/Temp/chromatic--5628-mjlbgfqA348W/[22m[36massets/TaskList.stories-2975bd4f.js            [39m[1m[2m 31.19 kB[22m[1m[22m[2m │ gzip:  11.67 kB[22m[2m │ map:   250.32 kB[22m
[2mC:/Users/terke/AppData/Local/Temp/chromatic--5628-mjlbgfqA348W/[22m[36massets/preview-711704cd.js                     [39m[1m[2m 34.24 kB[22m[1m[22m[2m │ gzip:  13.39 kB[22m[2m │ map:   127.33 kB[22m
[2mC:/Users/terke/AppData/Local/Temp/chromatic--5628-mjlbgfqA348W/[22m[36massets/_getPrototype-c468d7b4.js               [39m[1m[2m213.28 kB[22m[1m[22m[2m │ gzip:  66.74 kB[22m[2m │ map:   652.89 kB[22m
[2mC:/Users/terke/AppData/Local/Temp/chromatic--5628-mjlbgfqA348W/[22m[36massets/config-1152c68d.js                      [39m[1m[2m213.46 kB[22m[1m[22m[2m │ gzip:  66.38 kB[22m[2m │ map:   802.65 kB[22m
[2mC:/Users/terke/AppData/Local/Temp/chromatic--5628-mjlbgfqA348W/[22m[36massets/InboxScreen.stories-477770b3.js         [39m[1m[2m294.87 kB[22m[1m[22m[2m │ gzip:  72.54 kB[22m[2m │ map: 1,091.22 kB[22m
[2mC:/Users/terke/AppData/Local/Temp/chromatic--5628-mjlbgfqA348W/[22m[36massets/index-77955f96.js                       [39m[1m[2m372.18 kB[22m[1m[22m[2m │ gzip: 113.97 kB[22m[2m │ map: 1,555.51 kB[22m
[2mC:/Users/terke/AppData/Local/Temp/chromatic--5628-mjlbgfqA348W/[22m[36massets/DocsRenderer-NNNQARDV-eeea4a8b.js       [39m[1m[33m534.82 kB[39m[22m[2m │ gzip: 174.75 kB[22m[2m │ map: 1,548.69 kB[22m
[2mC:/Users/terke/AppData/Local/Temp/chromatic--5628-mjlbgfqA348W/[22m[36massets/axe-ace75cbe.js                         [39m[1m[33m554.63 kB[39m[22m[2m │ gzip: 151.96 kB[22m[2m │ map: 1,993.92 kB[22m
[2mC:/Users/terke/AppData/Local/Temp/chromatic--5628-mjlbgfqA348W/[22m[36massets/formatter-SWP5E3XI-297a9cb7.js          [39m[1m[33m601.66 kB[39m[22m[2m │ gzip: 185.08 kB[22m[2m │ map: 1,318.57 kB[22m
[33m
(!) Some chunks are larger than 500 kBs after minification. Consider:
- Using dynamic import() to code-split the application
- Use build.rollupOptions.output.manualChunks to improve chunking: https://rollupjs.org/configuration-options/#output-manualchunks
- Adjust chunk size limit for this warning via build.chunkSizeWarningLimit.[39m
[32m✓ built in 11.89s[39m
info => Preview built (13 s)
info => Output directory: C:\Users\terke\AppData\Local\Temp\chromatic--5628-mjlbgfqA348W
Done in 18.30s.
